595  [background-preinit] INFO  o.h.validator.internal.util.Version – HV000001: Hibernate Validator 6.2.2.Final
595  [main] INFO  pr16.Pr16Application – Starting Pr16Application using Java 17.0.1 on DESKTOP-2M64KGF with PID 15676 (C:\Users\Nekit\IdeaProjects\pr16\build\classes\java\main started by Nekit in C:\Users\Nekit\IdeaProjects\pr16)
598  [main] INFO  pr16.Pr16Application – No active profile set, falling back to 1 default profile: "default"
1322 [main] INFO  o.s.d.r.c.RepositoryConfigurationDelegate – Bootstrapping Spring Data JPA repositories in DEFAULT mode.
1372 [main] INFO  o.s.d.r.c.RepositoryConfigurationDelegate – Finished Spring Data repository scanning in 41 ms. Found 2 JPA repository interfaces.
1706 [main] INFO  o.s.b.w.e.tomcat.TomcatWebServer – Tomcat initialized with port(s): 8080 (http)
1711 [main] INFO  o.a.coyote.http11.Http11NioProtocol – Initializing ProtocolHandler ["http-nio-8080"]
1711 [main] INFO  o.a.catalina.core.StandardService – Starting service [Tomcat]
1712 [main] INFO  o.a.catalina.core.StandardEngine – Starting Servlet engine: [Apache Tomcat/9.0.58]
1778 [main] INFO  o.a.c.c.C.[Tomcat].[localhost].[/] – Initializing Spring embedded WebApplicationContext
1778 [main] INFO  o.s.b.w.s.c.ServletWebServerApplicationContext – Root WebApplicationContext: initialization completed in 1141 ms
1934 [main] INFO  o.h.jpa.internal.util.LogHelper – HHH000204: Processing PersistenceUnitInfo [name: default]
1964 [main] INFO  org.hibernate.Version – HHH000412: Hibernate ORM core version 5.6.5.Final
2050 [main] INFO  o.h.annotations.common.Version – HCANN000001: Hibernate Commons Annotations {5.1.2.Final}
2123 [main] INFO  com.zaxxer.hikari.HikariDataSource – HikariPool-1 - Starting...
2255 [main] INFO  com.zaxxer.hikari.HikariDataSource – HikariPool-1 - Start completed.
2265 [main] INFO  org.hibernate.dialect.Dialect – HHH000400: Using dialect: org.hibernate.dialect.PostgreSQLDialect
2706 [main] INFO  o.h.e.t.j.p.i.JtaPlatformInitiator – HHH000490: Using JtaPlatform implementation: [org.hibernate.engine.transaction.jta.platform.internal.NoJtaPlatform]
2711 [main] INFO  o.s.o.j.LocalContainerEntityManagerFactoryBean – Initialized JPA EntityManagerFactory for persistence unit 'default'
2955 [main] WARN  o.s.b.a.o.j.JpaBaseConfiguration$JpaWebConfiguration – spring.jpa.open-in-view is enabled by default. Therefore, database queries may be performed during view rendering. Explicitly configure spring.jpa.open-in-view to disable this warning
3275 [main] INFO  o.s.b.a.e.web.EndpointLinksResolver – Exposing 1 endpoint(s) beneath base path '/actuator'
3296 [main] INFO  o.a.coyote.http11.Http11NioProtocol – Starting ProtocolHandler ["http-nio-8080"]
3311 [main] INFO  o.s.b.w.e.tomcat.TomcatWebServer – Tomcat started on port(s): 8080 (http) with context path ''
3322 [main] INFO  pr16.Pr16Application – Started Pr16Application in 3.075 seconds (JVM running for 3.652)
3828 [RMI TCP Connection(2)-192.168.1.17] INFO  o.a.c.c.C.[Tomcat].[localhost].[/] – Initializing Spring DispatcherServlet 'dispatcherServlet'
3828 [RMI TCP Connection(2)-192.168.1.17] INFO  o.s.web.servlet.DispatcherServlet – Initializing Servlet 'dispatcherServlet'
3831 [RMI TCP Connection(2)-192.168.1.17] INFO  o.s.web.servlet.DispatcherServlet – Completed initialization in 1 ms
16642 [http-nio-8080-exec-1] DEBUG org.hibernate.SQL – select departure0_.id as id1_0_, departure0_.date as date2_0_, departure0_.postoffice_id as postoffi4_0_, departure0_.type as type3_0_ from jpa.departure departure0_ where departure0_.type=?
16652 [http-nio-8080-exec-1] DEBUG org.hibernate.SQL – select postoffice0_.id as id1_1_, postoffice0_.city_name as city_nam2_1_, postoffice0_.name as name3_1_ from jpa.post_office postoffice0_ where postoffice0_.city_name=?
16664 [http-nio-8080-exec-1] DEBUG org.hibernate.SQL – select postoffice0_.id as id1_1_, postoffice0_.city_name as city_nam2_1_, postoffice0_.name as name3_1_ from jpa.post_office postoffice0_ where postoffice0_.city_name=?
16675 [http-nio-8080-exec-1] DEBUG org.hibernate.SQL – select nextval ('jpa.hibernate_sequence')
16690 [http-nio-8080-exec-1] DEBUG org.hibernate.SQL – insert into jpa.departure (date, postoffice_id, type, id) values (?, ?, ?, ?)
16697 [http-nio-8080-exec-1] INFO  p.S.I.DepartureService – Adding departure Departure(id=12, type=flights, date=21.01.2021)
